<?xml version="1.0" encoding="UTF-8"?>
<testsuite name="evaluations.level4.implementations.FunctionsImplementationTest" tests="2" skipped="0" failures="0" errors="0" timestamp="2025-05-10T17:10:27" hostname="DESKTOP-TUURA6M" time="0.036">
  <properties/>
  <testcase name="testDecrementMethod()" classname="evaluations.level4.implementations.FunctionsImplementationTest" time="0.032"/>
  <testcase name="testCubeMethod()" classname="evaluations.level4.implementations.FunctionsImplementationTest" time="0.002"/>
  <system-out><![CDATA[]]></system-out>
  <system-err><![CDATA[]]></system-err>
</testsuite>
